{"time":"20.04.19_22:51","method":"POST","url":"localhost:4000/boards","params":{},"body":{"title":"Autotest board","columns":[{"title":"Backlog","order":1},{"title":"Sprint","order":2}]}}
{"time":"20.04.19_22:51","method":"POST","url":"localhost:4000/boards","params":{},"body":{"title":"Autotest board","columns":[{"title":"Backlog","order":1},{"title":"Sprint","order":2}]}}
{"time":"20.04.19_22:51","method":"GET","url":"localhost:4000/users","params":{},"body":{}}
{"time":"20.04.19_22:51","method":"GET","url":"localhost:4000/boards","params":{},"body":{}}
{"time":"20.04.19_22:51","method":"POST","url":"localhost:4000/boards/3b6f1489-16a7-4a67-9fac-6789482b6c4e/tasks","params":{},"body":{"title":"Autotest task","order":0,"description":"Lorem ipsum","userId":null,"boardId":null,"columnId":null}}
{"time":"20.04.19_22:51","method":"POST","url":"localhost:4000/users","params":{},"body":{"name":"TEST_USER","login":"test_user","password":"T35t_P@55w0rd"}}
{"time":"20.04.19_22:51","method":"GET","url":"localhost:4000/boards","params":{},"body":{}}
{"time":"20.04.19_22:51","method":"GET","url":"localhost:4000/users/8efe2473-e9a0-43ca-8df7-4d8b9828667e","params":{},"body":{}}
{"time":"20.04.19_22:51","method":"GET","url":"localhost:4000/boards/3b6f1489-16a7-4a67-9fac-6789482b6c4e/tasks","params":{},"body":{}}
{"time":"20.04.19_22:51","method":"GET","url":"localhost:4000/boards/1d8f978b-f92c-4bab-893e-7912bc6715a3","params":{},"body":{}}
{"time":"20.04.19_22:51","method":"DELETE","url":"localhost:4000/users/8efe2473-e9a0-43ca-8df7-4d8b9828667e","params":{},"body":{}}
{"time":"20.04.19_22:52","method":"POST","url":"localhost:4000/boards","params":{},"body":{"title":"Autotest board","columns":[{"title":"Backlog","order":1},{"title":"Sprint","order":2}]}}
{"time":"20.04.19_22:52","method":"GET","url":"localhost:4000/boards/3b6f1489-16a7-4a67-9fac-6789482b6c4e/tasks","params":{},"body":{}}
{"time":"20.04.19_22:52","method":"DELETE","url":"localhost:4000/boards/0f3b8d8c-1b62-43c7-91ab-123e2128efdb","params":{},"body":{}}
{"time":"20.04.19_22:52","method":"POST","url":"localhost:4000/users","params":{},"body":{"name":"TEST_USER","login":"test_user","password":"T35t_P@55w0rd"}}
{"time":"20.04.19_22:52","method":"GET","url":"localhost:4000/boards/3b6f1489-16a7-4a67-9fac-6789482b6c4e/tasks/c5e9a942-f58e-4156-af9d-e03f5dcb35c5","params":{},"body":{}}
{"time":"20.04.19_22:52","method":"DELETE","url":"localhost:4000/users/55c9e7b4-f464-441c-bbce-8a026b2c8071","params":{},"body":{}}
{"time":"20.04.19_22:52","method":"POST","url":"localhost:4000/boards","params":{},"body":{"title":"Autotest board","columns":[{"title":"Backlog","order":1},{"title":"Sprint","order":2}]}}
{"time":"20.04.19_22:52","method":"POST","url":"localhost:4000/boards/3b6f1489-16a7-4a67-9fac-6789482b6c4e/tasks","params":{},"body":{"title":"Autotest task","order":0,"description":"Lorem ipsum","userId":null,"boardId":null,"columnId":null}}
{"time":"20.04.19_22:52","method":"PUT","url":"localhost:4000/boards/c3a5207d-77b6-4f67-a3f7-c58d706fcc04","params":{},"body":{"id":"c3a5207d-77b6-4f67-a3f7-c58d706fcc04","title":"Autotest updated board","columns":[{"title":"Backlog","order":1,"_id":"1a94d359-fe40-4e42-86df-4585287d7ff8"},{"title":"Sprint","order":2,"_id":"8b5e0b2d-4faa-43d2-a12a-b910fedc1d57"}]}}
{"time":"20.04.19_22:52","method":"POST","url":"localhost:4000/users","params":{},"body":{"name":"TEST_USER","login":"test_user","password":"T35t_P@55w0rd"}}
{"time":"20.04.19_22:52","method":"DELETE","url":"localhost:4000/boards/3b6f1489-16a7-4a67-9fac-6789482b6c4e/tasks/f6784a05-3f34-48f4-b6a4-0d5a504ec9a4","params":{},"body":{}}
{"time":"20.04.19_22:52","method":"GET","url":"localhost:4000/boards/c3a5207d-77b6-4f67-a3f7-c58d706fcc04","params":{},"body":{}}
{"time":"20.04.19_22:52","method":"PUT","url":"localhost:4000/users/9276e33f-dacc-43bf-ae65-43e38530f650","params":{},"body":{"name":"Autotest updated TEST_USER","login":"test_user","password":"T35t_P@55w0rd","id":"9276e33f-dacc-43bf-ae65-43e38530f650"}}
{"time":"20.04.19_22:52","method":"DELETE","url":"localhost:4000/boards/c3a5207d-77b6-4f67-a3f7-c58d706fcc04","params":{},"body":{}}
{"time":"20.04.19_22:52","method":"GET","url":"localhost:4000/users/9276e33f-dacc-43bf-ae65-43e38530f650","params":{},"body":{}}
{"time":"20.04.19_22:52","method":"POST","url":"localhost:4000/boards/3b6f1489-16a7-4a67-9fac-6789482b6c4e/tasks","params":{},"body":{"title":"Autotest task","order":0,"description":"Lorem ipsum","userId":null,"boardId":null,"columnId":null}}
{"time":"20.04.19_22:52","method":"DELETE","url":"localhost:4000/users/9276e33f-dacc-43bf-ae65-43e38530f650","params":{},"body":{}}
{"time":"20.04.19_22:52","method":"GET","url":"localhost:4000/boards","params":{},"body":{}}
{"time":"20.04.19_22:52","method":"PUT","url":"localhost:4000/boards/3b6f1489-16a7-4a67-9fac-6789482b6c4e/tasks/ed77ccde-e545-4f73-957f-3874c7a93763","params":{},"body":{"id":"ed77ccde-e545-4f73-957f-3874c7a93763","title":"Autotest updated task","order":0,"description":"Lorem ipsum","userId":null,"boardId":"3b6f1489-16a7-4a67-9fac-6789482b6c4e","columnId":null}}
{"time":"20.04.19_22:52","method":"DELETE","url":"localhost:4000/boards/1d8f978b-f92c-4bab-893e-7912bc6715a3","params":{},"body":{}}
{"time":"20.04.19_22:52","method":"POST","url":"localhost:4000/users","params":{},"body":{"name":"TEST_USER","login":"test_user","password":"T35t_P@55w0rd"}}
{"time":"20.04.19_22:52","method":"DELETE","url":"localhost:4000/users/540e5f83-850e-4102-8c98-8ab7fc0badc3","params":{},"body":{}}
{"time":"20.04.19_22:52","method":"GET","url":"localhost:4000/boards/3b6f1489-16a7-4a67-9fac-6789482b6c4e/tasks/ed77ccde-e545-4f73-957f-3874c7a93763","params":{},"body":{}}
{"time":"20.04.19_22:52","method":"GET","url":"localhost:4000/boards/1d8f978b-f92c-4bab-893e-7912bc6715a3","params":{},"body":{}}
{"time":"20.04.19_22:52","method":"POST","url":"localhost:4000/boards","params":{},"body":{"title":"Autotest board","columns":[{"title":"Backlog","order":1},{"title":"Sprint","order":2}]}}
{"time":"20.04.19_22:52","method":"GET","url":"localhost:4000/boards/3b6f1489-16a7-4a67-9fac-6789482b6c4e/tasks/c5e9a942-f58e-4156-af9d-e03f5dcb35c5","params":{},"body":{}}
{"time":"20.04.19_22:52","method":"POST","url":"localhost:4000/boards/807436a2-1782-4763-8d03-ddf8e18b88b5/tasks","params":{},"body":{"title":"Task #1","order":1,"description":"Lorem ipsum","boardId":"807436a2-1782-4763-8d03-ddf8e18b88b5","userId":null,"columnId":null}}
{"time":"20.04.19_22:52","method":"POST","url":"localhost:4000/boards/807436a2-1782-4763-8d03-ddf8e18b88b5/tasks","params":{},"body":{"title":"Task #2","order":2,"description":"Lorem ipsum","boardId":"807436a2-1782-4763-8d03-ddf8e18b88b5","userId":null,"columnId":null}}
{"time":"20.04.19_22:52","method":"POST","url":"localhost:4000/boards/807436a2-1782-4763-8d03-ddf8e18b88b5/tasks","params":{},"body":{"title":"Task #3","order":3,"description":"Lorem ipsum","boardId":"807436a2-1782-4763-8d03-ddf8e18b88b5","userId":null,"columnId":null}}
{"time":"20.04.19_22:52","method":"POST","url":"localhost:4000/boards/807436a2-1782-4763-8d03-ddf8e18b88b5/tasks","params":{},"body":{"title":"Task #4","order":4,"description":"Lorem ipsum","boardId":"807436a2-1782-4763-8d03-ddf8e18b88b5","userId":null,"columnId":null}}
{"time":"20.04.19_22:52","method":"POST","url":"localhost:4000/boards/807436a2-1782-4763-8d03-ddf8e18b88b5/tasks","params":{},"body":{"title":"Task #5","order":5,"description":"Lorem ipsum","boardId":"807436a2-1782-4763-8d03-ddf8e18b88b5","userId":null,"columnId":null}}
{"time":"20.04.19_22:52","method":"POST","url":"localhost:4000/users","params":{},"body":{"name":"TEST_USER","login":"test_user","password":"T35t_P@55w0rd"}}
{"time":"20.04.19_22:52","method":"POST","url":"localhost:4000/boards","params":{},"body":{"title":"Autotest board","columns":[{"title":"Backlog","order":1},{"title":"Sprint","order":2}]}}
{"time":"20.04.19_22:52","method":"DELETE","url":"localhost:4000/boards/3b6f1489-16a7-4a67-9fac-6789482b6c4e/tasks/c5e9a942-f58e-4156-af9d-e03f5dcb35c5","params":{},"body":{}}
{"time":"20.04.19_22:52","method":"GET","url":"localhost:4000/boards/807436a2-1782-4763-8d03-ddf8e18b88b5/tasks/584a33bf-4b4b-4ddc-9f88-3c8bddb9ece9","params":{},"body":{}}
{"time":"20.04.19_22:52","method":"GET","url":"localhost:4000/boards/807436a2-1782-4763-8d03-ddf8e18b88b5/tasks/c3bdb25b-92e3-46ec-add8-6dab942e3d69","params":{},"body":{}}
{"time":"20.04.19_22:52","method":"GET","url":"localhost:4000/boards/807436a2-1782-4763-8d03-ddf8e18b88b5/tasks/b42a7e09-7ba7-4125-ac52-d73b53d6c6d2","params":{},"body":{}}
{"time":"20.04.19_22:52","method":"GET","url":"localhost:4000/boards/807436a2-1782-4763-8d03-ddf8e18b88b5/tasks/e7d3dd62-3279-42ac-94e8-b5c487e85242","params":{},"body":{}}
{"time":"20.04.19_22:52","method":"GET","url":"localhost:4000/boards/807436a2-1782-4763-8d03-ddf8e18b88b5/tasks/f84bb310-5d88-4fe0-abf2-fdc018f71243","params":{},"body":{}}
{"time":"20.04.19_22:52","method":"POST","url":"localhost:4000/boards/ae39fa46-7551-433a-ab1b-c340083c76c1/tasks","params":{},"body":{"title":"Task #1","order":1,"description":"Lorem ipsum","userId":"cf67dc2f-e51d-4e14-b933-e6cfed7fc9ce","boardId":"ae39fa46-7551-433a-ab1b-c340083c76c1"}}
{"time":"20.04.19_22:52","method":"POST","url":"localhost:4000/boards/ae39fa46-7551-433a-ab1b-c340083c76c1/tasks","params":{},"body":{"title":"Task #2","order":2,"description":"Lorem ipsum","userId":"cf67dc2f-e51d-4e14-b933-e6cfed7fc9ce","boardId":"ae39fa46-7551-433a-ab1b-c340083c76c1"}}
{"time":"20.04.19_22:52","method":"DELETE","url":"localhost:4000/boards/807436a2-1782-4763-8d03-ddf8e18b88b5","params":{},"body":{}}
{"time":"20.04.19_22:52","method":"DELETE","url":"localhost:4000/users/cf67dc2f-e51d-4e14-b933-e6cfed7fc9ce","params":{},"body":{}}
{"time":"20.04.19_22:52","method":"GET","url":"localhost:4000/boards/3b6f1489-16a7-4a67-9fac-6789482b6c4e/tasks/c5e9a942-f58e-4156-af9d-e03f5dcb35c5","params":{},"body":{}}
{"time":"20.04.19_22:52","method":"DELETE","url":"localhost:4000/boards/3b6f1489-16a7-4a67-9fac-6789482b6c4e","params":{},"body":{}}
{"time":"20.04.19_22:52","method":"GET","url":"localhost:4000/boards/ae39fa46-7551-433a-ab1b-c340083c76c1/tasks/12323565-fb31-46bc-a8b3-8355b4dd5be0","params":{},"body":{}}
{"time":"20.04.19_22:52","method":"GET","url":"localhost:4000/boards/ae39fa46-7551-433a-ab1b-c340083c76c1/tasks/07f707db-f966-4b01-b7d8-72222704006e","params":{},"body":{}}
{"time":"20.04.19_22:52","method":"GET","url":"localhost:4000/boards/807436a2-1782-4763-8d03-ddf8e18b88b5/tasks/584a33bf-4b4b-4ddc-9f88-3c8bddb9ece9","params":{},"body":{}}
{"time":"20.04.19_22:52","method":"GET","url":"localhost:4000/boards/807436a2-1782-4763-8d03-ddf8e18b88b5/tasks/c3bdb25b-92e3-46ec-add8-6dab942e3d69","params":{},"body":{}}
{"time":"20.04.19_22:52","method":"GET","url":"localhost:4000/boards/807436a2-1782-4763-8d03-ddf8e18b88b5/tasks/f84bb310-5d88-4fe0-abf2-fdc018f71243","params":{},"body":{}}
{"time":"20.04.19_22:52","method":"GET","url":"localhost:4000/boards/807436a2-1782-4763-8d03-ddf8e18b88b5/tasks/b42a7e09-7ba7-4125-ac52-d73b53d6c6d2","params":{},"body":{}}
{"time":"20.04.19_22:52","method":"GET","url":"localhost:4000/boards/807436a2-1782-4763-8d03-ddf8e18b88b5/tasks/e7d3dd62-3279-42ac-94e8-b5c487e85242","params":{},"body":{}}
{"time":"20.04.19_22:52","method":"DELETE","url":"localhost:4000/boards/ae39fa46-7551-433a-ab1b-c340083c76c1/tasks/12323565-fb31-46bc-a8b3-8355b4dd5be0","params":{},"body":{}}
{"time":"20.04.19_22:52","method":"DELETE","url":"localhost:4000/boards/ae39fa46-7551-433a-ab1b-c340083c76c1/tasks/07f707db-f966-4b01-b7d8-72222704006e","params":{},"body":{}}
{"time":"20.04.19_22:52","method":"DELETE","url":"localhost:4000/boards/ae39fa46-7551-433a-ab1b-c340083c76c1","params":{},"body":{}}
{"time":"20.04.19_22:52","method":"POST","url":"localhost:4000/boards","params":{},"body":{"title":"Autotest board","columns":[{"title":"Backlog","order":1},{"title":"Sprint","order":2}]}}
{"time":"20.04.19_22:52","method":"POST","url":"localhost:4000/boards","params":{},"body":{"title":"Autotest board","columns":[{"title":"Backlog","order":1},{"title":"Sprint","order":2}]}}
{"time":"20.04.19_22:52","method":"GET","url":"localhost:4000/users","params":{},"body":{}}
{"time":"20.04.19_22:52","method":"POST","url":"localhost:4000/boards/ff14bb02-5e86-44b7-9452-e2a0d25f2fda/tasks","params":{},"body":{"title":"Autotest task","order":0,"description":"Lorem ipsum","userId":null,"boardId":null,"columnId":null}}
{"time":"20.04.19_22:52","method":"GET","url":"localhost:4000/boards","params":{},"body":{}}
{"time":"20.04.19_22:52","method":"POST","url":"localhost:4000/users","params":{},"body":{"name":"TEST_USER","login":"test_user","password":"T35t_P@55w0rd"}}
{"time":"20.04.19_22:52","method":"GET","url":"localhost:4000/users/1510f0db-6ebe-4be3-873b-ef9aa545107c","params":{},"body":{}}
{"time":"20.04.19_22:52","method":"GET","url":"localhost:4000/boards","params":{},"body":{}}
{"time":"20.04.19_22:52","method":"GET","url":"localhost:4000/boards/ff14bb02-5e86-44b7-9452-e2a0d25f2fda/tasks","params":{},"body":{}}
{"time":"20.04.19_22:52","method":"DELETE","url":"localhost:4000/users/1510f0db-6ebe-4be3-873b-ef9aa545107c","params":{},"body":{}}
{"time":"20.04.19_22:52","method":"GET","url":"localhost:4000/boards/2c498d97-8b9b-42cf-a89f-8f1cbe7eba54","params":{},"body":{}}
{"time":"20.04.19_22:52","method":"POST","url":"localhost:4000/boards","params":{},"body":{"title":"Autotest board","columns":[{"title":"Backlog","order":1},{"title":"Sprint","order":2}]}}
{"time":"20.04.19_22:52","method":"GET","url":"localhost:4000/boards/ff14bb02-5e86-44b7-9452-e2a0d25f2fda/tasks","params":{},"body":{}}
{"time":"20.04.19_22:52","method":"DELETE","url":"localhost:4000/boards/43d01adf-b6f8-4660-8a63-4ce22851ec6c","params":{},"body":{}}
{"time":"20.04.19_22:52","method":"POST","url":"localhost:4000/users","params":{},"body":{"name":"TEST_USER","login":"test_user","password":"T35t_P@55w0rd"}}
{"time":"20.04.19_22:52","method":"GET","url":"localhost:4000/boards/ff14bb02-5e86-44b7-9452-e2a0d25f2fda/tasks/05190901-3547-4e79-9397-99f412cefbd4","params":{},"body":{}}
{"time":"20.04.19_22:52","method":"DELETE","url":"localhost:4000/users/10da134d-99fa-4ac2-8b72-2e2079ffb738","params":{},"body":{}}
{"time":"20.04.19_22:52","method":"POST","url":"localhost:4000/boards","params":{},"body":{"title":"Autotest board","columns":[{"title":"Backlog","order":1},{"title":"Sprint","order":2}]}}
{"time":"20.04.19_22:52","method":"POST","url":"localhost:4000/boards/ff14bb02-5e86-44b7-9452-e2a0d25f2fda/tasks","params":{},"body":{"title":"Autotest task","order":0,"description":"Lorem ipsum","userId":null,"boardId":null,"columnId":null}}
{"time":"20.04.19_22:52","method":"PUT","url":"localhost:4000/boards/4aff466a-4a96-4394-9986-14c108e6df0c","params":{},"body":{"id":"4aff466a-4a96-4394-9986-14c108e6df0c","title":"Autotest updated board","columns":[{"title":"Backlog","order":1,"_id":"5dee5ce2-a567-45cb-bd3f-41ed6fa2d7c8"},{"title":"Sprint","order":2,"_id":"c8947552-c333-43b8-8fe9-f7f32eeec604"}]}}
{"time":"20.04.19_22:52","method":"DELETE","url":"localhost:4000/boards/ff14bb02-5e86-44b7-9452-e2a0d25f2fda/tasks/aea6fd24-9dea-410e-b482-2d8a644731fc","params":{},"body":{}}
{"time":"20.04.19_22:52","method":"POST","url":"localhost:4000/users","params":{},"body":{"name":"TEST_USER","login":"test_user","password":"T35t_P@55w0rd"}}
{"time":"20.04.19_22:52","method":"GET","url":"localhost:4000/boards/4aff466a-4a96-4394-9986-14c108e6df0c","params":{},"body":{}}
{"time":"20.04.19_22:52","method":"PUT","url":"localhost:4000/users/d5cbe421-90f6-4a2b-ae32-cbff0cfc3027","params":{},"body":{"name":"Autotest updated TEST_USER","login":"test_user","password":"T35t_P@55w0rd","id":"d5cbe421-90f6-4a2b-ae32-cbff0cfc3027"}}
{"time":"20.04.19_22:52","method":"DELETE","url":"localhost:4000/boards/4aff466a-4a96-4394-9986-14c108e6df0c","params":{},"body":{}}
{"time":"20.04.19_22:52","method":"POST","url":"localhost:4000/boards/ff14bb02-5e86-44b7-9452-e2a0d25f2fda/tasks","params":{},"body":{"title":"Autotest task","order":0,"description":"Lorem ipsum","userId":null,"boardId":null,"columnId":null}}
{"time":"20.04.19_22:52","method":"GET","url":"localhost:4000/users/d5cbe421-90f6-4a2b-ae32-cbff0cfc3027","params":{},"body":{}}
{"time":"20.04.19_22:52","method":"GET","url":"localhost:4000/boards","params":{},"body":{}}
{"time":"20.04.19_22:52","method":"PUT","url":"localhost:4000/boards/ff14bb02-5e86-44b7-9452-e2a0d25f2fda/tasks/560349a8-eb30-49cf-94b5-46f4f8671c6e","params":{},"body":{"id":"560349a8-eb30-49cf-94b5-46f4f8671c6e","title":"Autotest updated task","order":0,"description":"Lorem ipsum","userId":null,"boardId":"ff14bb02-5e86-44b7-9452-e2a0d25f2fda","columnId":null}}
{"time":"20.04.19_22:52","method":"DELETE","url":"localhost:4000/users/d5cbe421-90f6-4a2b-ae32-cbff0cfc3027","params":{},"body":{}}
{"time":"20.04.19_22:52","method":"DELETE","url":"localhost:4000/boards/2c498d97-8b9b-42cf-a89f-8f1cbe7eba54","params":{},"body":{}}
{"time":"20.04.19_22:52","method":"GET","url":"localhost:4000/boards/ff14bb02-5e86-44b7-9452-e2a0d25f2fda/tasks/560349a8-eb30-49cf-94b5-46f4f8671c6e","params":{},"body":{}}
{"time":"20.04.19_22:52","method":"POST","url":"localhost:4000/users","params":{},"body":{"name":"TEST_USER","login":"test_user","password":"T35t_P@55w0rd"}}
{"time":"20.04.19_22:52","method":"GET","url":"localhost:4000/boards/2c498d97-8b9b-42cf-a89f-8f1cbe7eba54","params":{},"body":{}}
{"time":"20.04.19_22:52","method":"DELETE","url":"localhost:4000/users/442a3cc8-ac34-4424-9762-87187f69225c","params":{},"body":{}}
{"time":"20.04.19_22:52","method":"POST","url":"localhost:4000/boards","params":{},"body":{"title":"Autotest board","columns":[{"title":"Backlog","order":1},{"title":"Sprint","order":2}]}}
{"time":"20.04.19_22:52","method":"GET","url":"localhost:4000/boards/ff14bb02-5e86-44b7-9452-e2a0d25f2fda/tasks/05190901-3547-4e79-9397-99f412cefbd4","params":{},"body":{}}
{"time":"20.04.19_22:52","method":"POST","url":"localhost:4000/boards/8bdf79ae-4de9-4bd2-81f1-b719fd7e4516/tasks","params":{},"body":{"title":"Task #1","order":1,"description":"Lorem ipsum","boardId":"8bdf79ae-4de9-4bd2-81f1-b719fd7e4516","userId":null,"columnId":null}}
{"time":"20.04.19_22:52","method":"POST","url":"localhost:4000/boards/8bdf79ae-4de9-4bd2-81f1-b719fd7e4516/tasks","params":{},"body":{"title":"Task #2","order":2,"description":"Lorem ipsum","boardId":"8bdf79ae-4de9-4bd2-81f1-b719fd7e4516","userId":null,"columnId":null}}
{"time":"20.04.19_22:52","method":"POST","url":"localhost:4000/boards/8bdf79ae-4de9-4bd2-81f1-b719fd7e4516/tasks","params":{},"body":{"title":"Task #4","order":4,"description":"Lorem ipsum","boardId":"8bdf79ae-4de9-4bd2-81f1-b719fd7e4516","userId":null,"columnId":null}}
{"time":"20.04.19_22:52","method":"POST","url":"localhost:4000/boards/8bdf79ae-4de9-4bd2-81f1-b719fd7e4516/tasks","params":{},"body":{"title":"Task #5","order":5,"description":"Lorem ipsum","boardId":"8bdf79ae-4de9-4bd2-81f1-b719fd7e4516","userId":null,"columnId":null}}
{"time":"20.04.19_22:52","method":"POST","url":"localhost:4000/boards/8bdf79ae-4de9-4bd2-81f1-b719fd7e4516/tasks","params":{},"body":{"title":"Task #3","order":3,"description":"Lorem ipsum","boardId":"8bdf79ae-4de9-4bd2-81f1-b719fd7e4516","userId":null,"columnId":null}}
{"time":"20.04.19_22:52","method":"DELETE","url":"localhost:4000/boards/ff14bb02-5e86-44b7-9452-e2a0d25f2fda/tasks/05190901-3547-4e79-9397-99f412cefbd4","params":{},"body":{}}
{"time":"20.04.19_22:52","method":"POST","url":"localhost:4000/users","params":{},"body":{"name":"TEST_USER","login":"test_user","password":"T35t_P@55w0rd"}}
{"time":"20.04.19_22:52","method":"GET","url":"localhost:4000/boards/8bdf79ae-4de9-4bd2-81f1-b719fd7e4516/tasks/10606fa3-adad-4cdf-b217-dda7a2539aec","params":{},"body":{}}
{"time":"20.04.19_22:52","method":"GET","url":"localhost:4000/boards/8bdf79ae-4de9-4bd2-81f1-b719fd7e4516/tasks/5d1d1ff7-613f-45a5-a62a-6dd836a3d3b2","params":{},"body":{}}
{"time":"20.04.19_22:52","method":"GET","url":"localhost:4000/boards/8bdf79ae-4de9-4bd2-81f1-b719fd7e4516/tasks/368eaba3-bfd6-4326-9584-c54f4eced3e3","params":{},"body":{}}
{"time":"20.04.19_22:52","method":"GET","url":"localhost:4000/boards/8bdf79ae-4de9-4bd2-81f1-b719fd7e4516/tasks/2f944635-c248-4504-a90d-2aeefbd4b7dc","params":{},"body":{}}
{"time":"20.04.19_22:52","method":"GET","url":"localhost:4000/boards/8bdf79ae-4de9-4bd2-81f1-b719fd7e4516/tasks/3c39ecf8-1805-49d5-9530-1391269a76c6","params":{},"body":{}}
{"time":"20.04.19_22:52","method":"POST","url":"localhost:4000/boards","params":{},"body":{"title":"Autotest board","columns":[{"title":"Backlog","order":1},{"title":"Sprint","order":2}]}}
{"time":"20.04.19_22:52","method":"GET","url":"localhost:4000/boards/ff14bb02-5e86-44b7-9452-e2a0d25f2fda/tasks/05190901-3547-4e79-9397-99f412cefbd4","params":{},"body":{}}
{"time":"20.04.19_22:52","method":"POST","url":"localhost:4000/boards/736618de-d8d6-4887-953d-2a6a9a105b13/tasks","params":{},"body":{"title":"Task #1","order":1,"description":"Lorem ipsum","userId":"4f21d9b4-ec4a-448c-9480-97b064a8067d","boardId":"736618de-d8d6-4887-953d-2a6a9a105b13"}}
{"time":"20.04.19_22:52","method":"POST","url":"localhost:4000/boards/736618de-d8d6-4887-953d-2a6a9a105b13/tasks","params":{},"body":{"title":"Task #2","order":2,"description":"Lorem ipsum","userId":"4f21d9b4-ec4a-448c-9480-97b064a8067d","boardId":"736618de-d8d6-4887-953d-2a6a9a105b13"}}
{"time":"20.04.19_22:52","method":"DELETE","url":"localhost:4000/boards/8bdf79ae-4de9-4bd2-81f1-b719fd7e4516","params":{},"body":{}}
{"time":"20.04.19_22:52","method":"DELETE","url":"localhost:4000/boards/ff14bb02-5e86-44b7-9452-e2a0d25f2fda","params":{},"body":{}}
{"time":"20.04.19_22:52","method":"DELETE","url":"localhost:4000/users/4f21d9b4-ec4a-448c-9480-97b064a8067d","params":{},"body":{}}
{"time":"20.04.19_22:53","method":"GET","url":"localhost:4000/boards/736618de-d8d6-4887-953d-2a6a9a105b13/tasks/dbfa3e77-3274-45ff-9b60-4ecf6033459e","params":{},"body":{}}
{"time":"20.04.19_22:53","method":"GET","url":"localhost:4000/boards/736618de-d8d6-4887-953d-2a6a9a105b13/tasks/79ad0ace-cfce-4d70-a37b-e18a200f2185","params":{},"body":{}}
{"time":"20.04.19_22:53","method":"GET","url":"localhost:4000/boards/8bdf79ae-4de9-4bd2-81f1-b719fd7e4516/tasks/10606fa3-adad-4cdf-b217-dda7a2539aec","params":{},"body":{}}
{"time":"20.04.19_22:53","method":"GET","url":"localhost:4000/boards/8bdf79ae-4de9-4bd2-81f1-b719fd7e4516/tasks/368eaba3-bfd6-4326-9584-c54f4eced3e3","params":{},"body":{}}
{"time":"20.04.19_22:53","method":"GET","url":"localhost:4000/boards/8bdf79ae-4de9-4bd2-81f1-b719fd7e4516/tasks/5d1d1ff7-613f-45a5-a62a-6dd836a3d3b2","params":{},"body":{}}
{"time":"20.04.19_22:53","method":"GET","url":"localhost:4000/boards/8bdf79ae-4de9-4bd2-81f1-b719fd7e4516/tasks/3c39ecf8-1805-49d5-9530-1391269a76c6","params":{},"body":{}}
{"time":"20.04.19_22:53","method":"GET","url":"localhost:4000/boards/8bdf79ae-4de9-4bd2-81f1-b719fd7e4516/tasks/2f944635-c248-4504-a90d-2aeefbd4b7dc","params":{},"body":{}}
{"time":"20.04.19_22:53","method":"DELETE","url":"localhost:4000/boards/736618de-d8d6-4887-953d-2a6a9a105b13/tasks/79ad0ace-cfce-4d70-a37b-e18a200f2185","params":{},"body":{}}
{"time":"20.04.19_22:53","method":"DELETE","url":"localhost:4000/boards/736618de-d8d6-4887-953d-2a6a9a105b13/tasks/dbfa3e77-3274-45ff-9b60-4ecf6033459e","params":{},"body":{}}
{"time":"20.04.19_22:53","method":"DELETE","url":"localhost:4000/boards/736618de-d8d6-4887-953d-2a6a9a105b13","params":{},"body":{}}
{"time":"20.04.19_22:54","method":"POST","url":"localhost:4000/boards","params":{},"body":{"title":"Autotest board","columns":[{"title":"Backlog","order":1},{"title":"Sprint","order":2}]}}
{"time":"20.04.19_22:54","method":"POST","url":"localhost:4000/boards","params":{},"body":{"title":"Autotest board","columns":[{"title":"Backlog","order":1},{"title":"Sprint","order":2}]}}
{"time":"20.04.19_22:54","method":"GET","url":"localhost:4000/users","params":{},"body":{}}
{"time":"20.04.19_22:54","method":"POST","url":"localhost:4000/boards/91ef7446-8ff0-41d3-b783-f82913d7c374/tasks","params":{},"body":{"title":"Autotest task","order":0,"description":"Lorem ipsum","userId":null,"boardId":null,"columnId":null}}
{"time":"20.04.19_22:54","method":"GET","url":"localhost:4000/boards","params":{},"body":{}}
{"time":"20.04.19_22:54","method":"POST","url":"localhost:4000/users","params":{},"body":{"name":"TEST_USER","login":"test_user","password":"T35t_P@55w0rd"}}
{"time":"20.04.19_22:54","method":"GET","url":"localhost:4000/boards","params":{},"body":{}}
{"time":"20.04.19_22:54","method":"GET","url":"localhost:4000/users/972e23f3-5935-4d19-9794-804a621bad74","params":{},"body":{}}
{"time":"20.04.19_22:54","method":"GET","url":"localhost:4000/boards/91ef7446-8ff0-41d3-b783-f82913d7c374/tasks","params":{},"body":{}}
{"time":"20.04.19_22:54","method":"GET","url":"localhost:4000/boards/781f10b7-3cdc-43f1-91a0-fd05caac5936","params":{},"body":{}}
{"time":"20.04.19_22:54","method":"DELETE","url":"localhost:4000/users/972e23f3-5935-4d19-9794-804a621bad74","params":{},"body":{}}
{"time":"20.04.19_22:54","method":"POST","url":"localhost:4000/boards","params":{},"body":{"title":"Autotest board","columns":[{"title":"Backlog","order":1},{"title":"Sprint","order":2}]}}
{"time":"20.04.19_22:54","method":"GET","url":"localhost:4000/boards/91ef7446-8ff0-41d3-b783-f82913d7c374/tasks","params":{},"body":{}}
{"time":"20.04.19_22:54","method":"DELETE","url":"localhost:4000/boards/1f28360d-809f-449c-9b19-efb7829f25bc","params":{},"body":{}}
{"time":"20.04.19_22:54","method":"GET","url":"localhost:4000/boards/91ef7446-8ff0-41d3-b783-f82913d7c374/tasks/76f14418-c4be-44b7-be63-d1577c300f71","params":{},"body":{}}
{"time":"20.04.19_22:54","method":"POST","url":"localhost:4000/users","params":{},"body":{"name":"TEST_USER","login":"test_user","password":"T35t_P@55w0rd"}}
{"time":"20.04.19_22:54","method":"DELETE","url":"localhost:4000/users/1ae77c1d-e425-4fe0-a84e-1a56346fbb31","params":{},"body":{}}
{"time":"20.04.19_22:54","method":"POST","url":"localhost:4000/boards","params":{},"body":{"title":"Autotest board","columns":[{"title":"Backlog","order":1},{"title":"Sprint","order":2}]}}
{"time":"20.04.19_22:54","method":"POST","url":"localhost:4000/boards/91ef7446-8ff0-41d3-b783-f82913d7c374/tasks","params":{},"body":{"title":"Autotest task","order":0,"description":"Lorem ipsum","userId":null,"boardId":null,"columnId":null}}
{"time":"20.04.19_22:54","method":"PUT","url":"localhost:4000/boards/242a71a6-0e46-49fe-9544-2ce82315495f","params":{},"body":{"id":"242a71a6-0e46-49fe-9544-2ce82315495f","title":"Autotest updated board","columns":[{"title":"Backlog","order":1,"_id":"e07fcb85-f1b4-4a36-8c10-30854c5b1601"},{"title":"Sprint","order":2,"_id":"17d17776-515f-4da8-af2e-e46ff7f19d11"}]}}
{"time":"20.04.19_22:54","method":"DELETE","url":"localhost:4000/boards/91ef7446-8ff0-41d3-b783-f82913d7c374/tasks/77cf9a0c-3c1e-4a44-9617-f465d2359780","params":{},"body":{}}
{"time":"20.04.19_22:54","method":"POST","url":"localhost:4000/users","params":{},"body":{"name":"TEST_USER","login":"test_user","password":"T35t_P@55w0rd"}}
{"time":"20.04.19_22:54","method":"GET","url":"localhost:4000/boards/242a71a6-0e46-49fe-9544-2ce82315495f","params":{},"body":{}}
{"time":"20.04.19_22:54","method":"PUT","url":"localhost:4000/users/4b29f56f-97ce-4f57-84f2-635c0c60a090","params":{},"body":{"name":"Autotest updated TEST_USER","login":"test_user","password":"T35t_P@55w0rd","id":"4b29f56f-97ce-4f57-84f2-635c0c60a090"}}
{"time":"20.04.19_22:54","method":"DELETE","url":"localhost:4000/boards/242a71a6-0e46-49fe-9544-2ce82315495f","params":{},"body":{}}
{"time":"20.04.19_22:54","method":"POST","url":"localhost:4000/boards/91ef7446-8ff0-41d3-b783-f82913d7c374/tasks","params":{},"body":{"title":"Autotest task","order":0,"description":"Lorem ipsum","userId":null,"boardId":null,"columnId":null}}
{"time":"20.04.19_22:54","method":"GET","url":"localhost:4000/users/4b29f56f-97ce-4f57-84f2-635c0c60a090","params":{},"body":{}}
{"time":"20.04.19_22:54","method":"PUT","url":"localhost:4000/boards/91ef7446-8ff0-41d3-b783-f82913d7c374/tasks/f2928fdf-d329-4857-b49f-91679cd04244","params":{},"body":{"id":"f2928fdf-d329-4857-b49f-91679cd04244","title":"Autotest updated task","order":0,"description":"Lorem ipsum","userId":null,"boardId":"91ef7446-8ff0-41d3-b783-f82913d7c374","columnId":null}}
{"time":"20.04.19_22:54","method":"DELETE","url":"localhost:4000/users/4b29f56f-97ce-4f57-84f2-635c0c60a090","params":{},"body":{}}
{"time":"20.04.19_22:54","method":"GET","url":"localhost:4000/boards","params":{},"body":{}}
{"time":"20.04.19_22:54","method":"DELETE","url":"localhost:4000/boards/781f10b7-3cdc-43f1-91a0-fd05caac5936","params":{},"body":{}}
{"time":"20.04.19_22:54","method":"GET","url":"localhost:4000/boards/91ef7446-8ff0-41d3-b783-f82913d7c374/tasks/f2928fdf-d329-4857-b49f-91679cd04244","params":{},"body":{}}
{"time":"20.04.19_22:54","method":"POST","url":"localhost:4000/users","params":{},"body":{"name":"TEST_USER","login":"test_user","password":"T35t_P@55w0rd"}}
{"time":"20.04.19_22:54","method":"GET","url":"localhost:4000/boards/91ef7446-8ff0-41d3-b783-f82913d7c374/tasks/76f14418-c4be-44b7-be63-d1577c300f71","params":{},"body":{}}
{"time":"20.04.19_22:54","method":"GET","url":"localhost:4000/boards/781f10b7-3cdc-43f1-91a0-fd05caac5936","params":{},"body":{}}
{"time":"20.04.19_22:54","method":"DELETE","url":"localhost:4000/users/1b5886e9-f33c-47f3-b1b4-852e0af70554","params":{},"body":{}}
{"time":"20.04.19_22:54","method":"POST","url":"localhost:4000/boards","params":{},"body":{"title":"Autotest board","columns":[{"title":"Backlog","order":1},{"title":"Sprint","order":2}]}}
{"time":"20.04.19_22:54","method":"DELETE","url":"localhost:4000/boards/91ef7446-8ff0-41d3-b783-f82913d7c374/tasks/76f14418-c4be-44b7-be63-d1577c300f71","params":{},"body":{}}
{"time":"20.04.19_22:54","method":"POST","url":"localhost:4000/boards/07243137-b658-4061-bbd3-72c321ed911e/tasks","params":{},"body":{"title":"Task #1","order":1,"description":"Lorem ipsum","boardId":"07243137-b658-4061-bbd3-72c321ed911e","userId":null,"columnId":null}}
{"time":"20.04.19_22:54","method":"POST","url":"localhost:4000/boards/07243137-b658-4061-bbd3-72c321ed911e/tasks","params":{},"body":{"title":"Task #2","order":2,"description":"Lorem ipsum","boardId":"07243137-b658-4061-bbd3-72c321ed911e","userId":null,"columnId":null}}
{"time":"20.04.19_22:54","method":"POST","url":"localhost:4000/boards/07243137-b658-4061-bbd3-72c321ed911e/tasks","params":{},"body":{"title":"Task #3","order":3,"description":"Lorem ipsum","boardId":"07243137-b658-4061-bbd3-72c321ed911e","userId":null,"columnId":null}}
{"time":"20.04.19_22:54","method":"POST","url":"localhost:4000/boards/07243137-b658-4061-bbd3-72c321ed911e/tasks","params":{},"body":{"title":"Task #4","order":4,"description":"Lorem ipsum","boardId":"07243137-b658-4061-bbd3-72c321ed911e","userId":null,"columnId":null}}
{"time":"20.04.19_22:54","method":"POST","url":"localhost:4000/boards/07243137-b658-4061-bbd3-72c321ed911e/tasks","params":{},"body":{"title":"Task #5","order":5,"description":"Lorem ipsum","boardId":"07243137-b658-4061-bbd3-72c321ed911e","userId":null,"columnId":null}}
{"time":"20.04.19_22:54","method":"POST","url":"localhost:4000/users","params":{},"body":{"name":"TEST_USER","login":"test_user","password":"T35t_P@55w0rd"}}
{"time":"20.04.19_22:54","method":"GET","url":"localhost:4000/boards/07243137-b658-4061-bbd3-72c321ed911e/tasks/b027daa8-9b1e-4c93-9c75-fe12c11ad681","params":{},"body":{}}
{"time":"20.04.19_22:54","method":"GET","url":"localhost:4000/boards/07243137-b658-4061-bbd3-72c321ed911e/tasks/fd4e71d6-639e-4554-8731-85890cee7185","params":{},"body":{}}
{"time":"20.04.19_22:54","method":"GET","url":"localhost:4000/boards/07243137-b658-4061-bbd3-72c321ed911e/tasks/646a93b6-7149-48da-b9d7-30932ab9ea93","params":{},"body":{}}
{"time":"20.04.19_22:54","method":"GET","url":"localhost:4000/boards/07243137-b658-4061-bbd3-72c321ed911e/tasks/95599aab-4807-4754-b458-ae9908b672c5","params":{},"body":{}}
{"time":"20.04.19_22:54","method":"GET","url":"localhost:4000/boards/07243137-b658-4061-bbd3-72c321ed911e/tasks/2118ce73-3426-4964-a7dc-6edbcb7d0809","params":{},"body":{}}
{"time":"20.04.19_22:54","method":"POST","url":"localhost:4000/boards","params":{},"body":{"title":"Autotest board","columns":[{"title":"Backlog","order":1},{"title":"Sprint","order":2}]}}
{"time":"20.04.19_22:54","method":"GET","url":"localhost:4000/boards/91ef7446-8ff0-41d3-b783-f82913d7c374/tasks/76f14418-c4be-44b7-be63-d1577c300f71","params":{},"body":{}}
{"time":"20.04.19_22:54","method":"POST","url":"localhost:4000/boards/46a47d18-4632-445d-9298-07dc0e21e827/tasks","params":{},"body":{"title":"Task #1","order":1,"description":"Lorem ipsum","userId":"5470cc4b-c2df-406d-b056-3da3cda8841b","boardId":"46a47d18-4632-445d-9298-07dc0e21e827"}}
{"time":"20.04.19_22:54","method":"POST","url":"localhost:4000/boards/46a47d18-4632-445d-9298-07dc0e21e827/tasks","params":{},"body":{"title":"Task #2","order":2,"description":"Lorem ipsum","userId":"5470cc4b-c2df-406d-b056-3da3cda8841b","boardId":"46a47d18-4632-445d-9298-07dc0e21e827"}}
{"time":"20.04.19_22:54","method":"DELETE","url":"localhost:4000/boards/07243137-b658-4061-bbd3-72c321ed911e","params":{},"body":{}}
{"time":"20.04.19_22:54","method":"DELETE","url":"localhost:4000/boards/91ef7446-8ff0-41d3-b783-f82913d7c374","params":{},"body":{}}
{"time":"20.04.19_22:54","method":"DELETE","url":"localhost:4000/users/5470cc4b-c2df-406d-b056-3da3cda8841b","params":{},"body":{}}
{"time":"20.04.19_22:54","method":"GET","url":"localhost:4000/boards/46a47d18-4632-445d-9298-07dc0e21e827/tasks/7ca90ac5-bb75-4f48-b537-4bc9aeaffc93","params":{},"body":{}}
{"time":"20.04.19_22:54","method":"GET","url":"localhost:4000/boards/46a47d18-4632-445d-9298-07dc0e21e827/tasks/4ae013f2-8e13-4743-96d1-d2800bcacf78","params":{},"body":{}}
{"time":"20.04.19_22:54","method":"GET","url":"localhost:4000/boards/07243137-b658-4061-bbd3-72c321ed911e/tasks/fd4e71d6-639e-4554-8731-85890cee7185","params":{},"body":{}}
{"time":"20.04.19_22:54","method":"GET","url":"localhost:4000/boards/07243137-b658-4061-bbd3-72c321ed911e/tasks/646a93b6-7149-48da-b9d7-30932ab9ea93","params":{},"body":{}}
{"time":"20.04.19_22:54","method":"GET","url":"localhost:4000/boards/07243137-b658-4061-bbd3-72c321ed911e/tasks/b027daa8-9b1e-4c93-9c75-fe12c11ad681","params":{},"body":{}}
{"time":"20.04.19_22:54","method":"GET","url":"localhost:4000/boards/07243137-b658-4061-bbd3-72c321ed911e/tasks/95599aab-4807-4754-b458-ae9908b672c5","params":{},"body":{}}
{"time":"20.04.19_22:54","method":"GET","url":"localhost:4000/boards/07243137-b658-4061-bbd3-72c321ed911e/tasks/2118ce73-3426-4964-a7dc-6edbcb7d0809","params":{},"body":{}}
{"time":"20.04.19_22:54","method":"DELETE","url":"localhost:4000/boards/46a47d18-4632-445d-9298-07dc0e21e827/tasks/7ca90ac5-bb75-4f48-b537-4bc9aeaffc93","params":{},"body":{}}
{"time":"20.04.19_22:54","method":"DELETE","url":"localhost:4000/boards/46a47d18-4632-445d-9298-07dc0e21e827/tasks/4ae013f2-8e13-4743-96d1-d2800bcacf78","params":{},"body":{}}
{"time":"20.04.19_22:54","method":"DELETE","url":"localhost:4000/boards/46a47d18-4632-445d-9298-07dc0e21e827","params":{},"body":{}}
